<?xml version="1.0" encoding="UTF-8"?>
<!-- Generated by org.testng.reporters.JUnitXMLReporter -->
<testsuite ignored="4" hostname="SWQA-1" failures="0" tests="2" name="StandAloneTest" time="0.077" errors="0" timestamp="2024-05-02T12:24:28 BST">
  <testcase classname="sm.TestComponents.baseTest" name="@BeforeMethod launchApplication" time="0.011">
    <failure type="java.io.FileNotFoundException" message="C:\Users\smettu\eclipse-selenium\smdockertest\src\main\java\srimettu\resources\GlobalData.properties (The system cannot find the path specified)">
      <![CDATA[java.io.FileNotFoundException: C:\Users\smettu\eclipse-selenium\smdockertest\src\main\java\srimettu\resources\GlobalData.properties (The system cannot find the path specified)
at java.base/java.io.FileInputStream.open0(Native Method)
at java.base/java.io.FileInputStream.open(FileInputStream.java:216)
at java.base/java.io.FileInputStream.<init>(FileInputStream.java:157)
at java.base/java.io.FileInputStream.<init>(FileInputStream.java:111)
at sm.TestComponents.baseTest.launchApplication(baseTest.java:75)
at java.base/java.util.ArrayList.forEach(ArrayList.java:1511)
... Removed 31 stack frames]]>
    </failure>
  </testcase> <!-- @BeforeMethod launchApplication -->
  <testcase classname="sm.TestComponents.baseTest" name="@BeforeMethod launchApplication" time="0.0">
    <failure type="java.io.FileNotFoundException" message="C:\Users\smettu\eclipse-selenium\smdockertest\src\main\java\srimettu\resources\GlobalData.properties (The system cannot find the path specified)">
      <![CDATA[java.io.FileNotFoundException: C:\Users\smettu\eclipse-selenium\smdockertest\src\main\java\srimettu\resources\GlobalData.properties (The system cannot find the path specified)
at java.base/java.io.FileInputStream.open0(Native Method)
at java.base/java.io.FileInputStream.open(FileInputStream.java:216)
at java.base/java.io.FileInputStream.<init>(FileInputStream.java:157)
at java.base/java.io.FileInputStream.<init>(FileInputStream.java:111)
at sm.TestComponents.baseTest.launchApplication(baseTest.java:75)
at java.base/java.util.ArrayList.forEach(ArrayList.java:1511)
... Removed 31 stack frames]]>
    </failure>
  </testcase> <!-- @BeforeMethod launchApplication -->
  <testcase classname="sm.tests.StandAloneTest" name="alarmHistory" time="0.0">
    <skipped/>
  </testcase> <!-- alarmHistory -->
  <testcase classname="sm.tests.StandAloneTest" name="mableHistory" time="0.0">
    <skipped/>
  </testcase> <!-- mableHistory -->
  <testcase classname="sm.tests.StandAloneTest" name="logOut" time="0.0">
    <ignored/>
  </testcase> <!-- logOut -->
  <testcase classname="sm.tests.StandAloneTest" name="bAlertClear" time="0.0">
    <ignored/>
  </testcase> <!-- bAlertClear -->
  <testcase classname="sm.tests.StandAloneTest" name="mAlarmClear" time="0.0">
    <ignored/>
  </testcase> <!-- mAlarmClear -->
  <testcase classname="sm.tests.StandAloneTest" name="logIn" time="0.0">
    <ignored/>
  </testcase> <!-- logIn -->
</testsuite> <!-- StandAloneTest -->
